{"/Users/jeffreykang/study-group-finder/Cramr/expo-env.d.ts": {"path":"/Users/jeffreykang/study-group-finder/Cramr/expo-env.d.ts","statementMap":{},"fnMap":{},"branchMap":{},"s":{},"f":{},"b":{}}
,"/Users/jeffreykang/study-group-finder/Cramr/.expo/types/router.d.ts": {"path":"/Users/jeffreykang/study-group-finder/Cramr/.expo/types/router.d.ts","statementMap":{},"fnMap":{},"branchMap":{},"s":{},"f":{},"b":{}}
,"/Users/jeffreykang/study-group-finder/Cramr/Logic/Customer.tsx": {"path":"/Users/jeffreykang/study-group-finder/Cramr/Logic/Customer.tsx","statementMap":{"0":{"start":{"line":1,"column":0},"end":{"line":1,"column":30}},"1":{"start":{"line":8,"column":8},"end":{"line":8,"column":40}},"2":{"start":{"line":12,"column":8},"end":{"line":15,"column":9}},"3":{"start":{"line":13,"column":12},"end":{"line":13,"column":72}},"4":{"start":{"line":17,"column":8},"end":{"line":17,"column":34}},"5":{"start":{"line":3,"column":0},"end":{"line":3,"column":13}}},"fnMap":{"0":{"name":"(anonymous_0)","decl":{"start":{"line":7,"column":4},"end":{"line":7,"column":24}},"loc":{"start":{"line":7,"column":86},"end":{"line":9,"column":5}}},"1":{"name":"(anonymous_1)","decl":{"start":{"line":11,"column":11},"end":{"line":11,"column":17}},"loc":{"start":{"line":11,"column":89},"end":{"line":18,"column":5}}}},"branchMap":{"0":{"loc":{"start":{"line":12,"column":8},"end":{"line":15,"column":9}},"type":"if","locations":[{"start":{"line":12,"column":8},"end":{"line":15,"column":9}}]}},"s":{"0":0,"1":0,"2":0,"3":0,"4":0,"5":0},"f":{"0":0,"1":0},"b":{"0":[0]}}
,"/Users/jeffreykang/study-group-finder/Cramr/Logic/PrivateStudySessionFactory.tsx": {"path":"/Users/jeffreykang/study-group-finder/Cramr/Logic/PrivateStudySessionFactory.tsx","statementMap":{"0":{"start":{"line":1,"column":0},"end":{"line":1,"column":60}},"1":{"start":{"line":2,"column":0},"end":{"line":2,"column":60}},"2":{"start":{"line":7,"column":8},"end":{"line":7,"column":64}},"3":{"start":{"line":4,"column":0},"end":{"line":4,"column":13}}},"fnMap":{"0":{"name":"(anonymous_0)","decl":{"start":{"line":5,"column":20},"end":{"line":5,"column":38}},"loc":{"start":{"line":5,"column":83},"end":{"line":8,"column":5}}}},"branchMap":{},"s":{"0":0,"1":0,"2":0,"3":0},"f":{"0":0},"b":{}}
,"/Users/jeffreykang/study-group-finder/Cramr/Logic/PublicStudySession.tsx": {"path":"/Users/jeffreykang/study-group-finder/Cramr/Logic/PublicStudySession.tsx","statementMap":{"0":{"start":{"line":1,"column":0},"end":{"line":1,"column":61}},"1":{"start":{"line":2,"column":0},"end":{"line":2,"column":46}},"2":{"start":{"line":10,"column":8},"end":{"line":10,"column":39}},"3":{"start":{"line":11,"column":8},"end":{"line":11,"column":29}},"4":{"start":{"line":12,"column":8},"end":{"line":12,"column":37}},"5":{"start":{"line":22,"column":8},"end":{"line":37,"column":9}},"6":{"start":{"line":31,"column":29},"end":{"line":31,"column":187}},"7":{"start":{"line":32,"column":25},"end":{"line":32,"column":46}},"8":{"start":{"line":33,"column":12},"end":{"line":33,"column":35}},"9":{"start":{"line":35,"column":12},"end":{"line":35,"column":61}},"10":{"start":{"line":36,"column":12},"end":{"line":36,"column":56}},"11":{"start":{"line":5,"column":0},"end":{"line":5,"column":13}}},"fnMap":{"0":{"name":"(anonymous_0)","decl":{"start":{"line":9,"column":4},"end":{"line":9,"column":16}},"loc":{"start":{"line":9,"column":61},"end":{"line":13,"column":5}}},"1":{"name":"(anonymous_1)","decl":{"start":{"line":21,"column":11},"end":{"line":21,"column":16}},"loc":{"start":{"line":21,"column":37},"end":{"line":38,"column":5}}}},"branchMap":{},"s":{"0":0,"1":0,"2":0,"3":0,"4":0,"5":0,"6":0,"7":0,"8":0,"9":0,"10":0,"11":0},"f":{"0":0,"1":0},"b":{}}
,"/Users/jeffreykang/study-group-finder/Cramr/Logic/PublicStudySessionFactory.tsx": {"path":"/Users/jeffreykang/study-group-finder/Cramr/Logic/PublicStudySessionFactory.tsx","statementMap":{"0":{"start":{"line":1,"column":0},"end":{"line":1,"column":58}},"1":{"start":{"line":2,"column":0},"end":{"line":2,"column":60}},"2":{"start":{"line":7,"column":8},"end":{"line":7,"column":63}},"3":{"start":{"line":4,"column":0},"end":{"line":4,"column":13}}},"fnMap":{"0":{"name":"(anonymous_0)","decl":{"start":{"line":5,"column":20},"end":{"line":5,"column":38}},"loc":{"start":{"line":5,"column":83},"end":{"line":8,"column":5}}}},"branchMap":{},"s":{"0":0,"1":0,"2":0,"3":0},"f":{"0":0},"b":{}}
,"/Users/jeffreykang/study-group-finder/Cramr/Logic/StudySession.tsx": {"path":"/Users/jeffreykang/study-group-finder/Cramr/Logic/StudySession.tsx","statementMap":{"0":{"start":{"line":8,"column":8},"end":{"line":8,"column":33}},"1":{"start":{"line":9,"column":8},"end":{"line":9,"column":25}},"2":{"start":{"line":10,"column":8},"end":{"line":10,"column":31}},"3":{"start":{"line":14,"column":8},"end":{"line":14,"column":null}},"4":{"start":{"line":1,"column":0},"end":{"line":1,"column":22}}},"fnMap":{"0":{"name":"(anonymous_0)","decl":{"start":{"line":7,"column":4},"end":{"line":7,"column":16}},"loc":{"start":{"line":7,"column":60},"end":{"line":11,"column":5}}},"1":{"name":"(anonymous_1)","decl":{"start":{"line":13,"column":4},"end":{"line":13,"column":15}},"loc":{"start":{"line":13,"column":26},"end":{"line":15,"column":5}}}},"branchMap":{},"s":{"0":0,"1":0,"2":0,"3":0,"4":0},"f":{"0":0,"1":0},"b":{}}
,"/Users/jeffreykang/study-group-finder/Cramr/components/ui/TabBarBackground.tsx": {"path":"/Users/jeffreykang/study-group-finder/Cramr/components/ui/TabBarBackground.tsx","statementMap":{"0":{"start":{"line":4,"column":0},"end":{"line":4,"column":16}},"1":{"start":{"line":2,"column":0},"end":{"line":2,"column":25}},"2":{"start":{"line":5,"column":2},"end":{"line":5,"column":11}}},"fnMap":{"0":{"name":"useBottomTabOverflow","decl":{"start":{"line":4,"column":16},"end":{"line":4,"column":36}},"loc":{"start":{"line":4,"column":36},"end":{"line":6,"column":1}}}},"branchMap":{},"s":{"0":0,"1":0,"2":0},"f":{"0":0},"b":{}}
,"/Users/jeffreykang/study-group-finder/Cramr/constants/Colors.ts": {"path":"/Users/jeffreykang/study-group-finder/Cramr/constants/Colors.ts","statementMap":{"0":{"start":{"line":1,"column":13},"end":{"line":24,"column":2}}},"fnMap":{},"branchMap":{},"s":{"0":0},"f":{},"b":{}}
,"/Users/jeffreykang/study-group-finder/Cramr/hooks/useColorScheme.ts": {"path":"/Users/jeffreykang/study-group-finder/Cramr/hooks/useColorScheme.ts","statementMap":{"0":{"start":{"line":1,"column":0},"end":{"line":1,"column":9}},"1":{"start":{"line":1,"column":9},"end":{"line":1,"column":46}}},"fnMap":{"0":{"name":"(anonymous_0)","decl":{"start":{"line":1,"column":9},"end":{"line":1,"column":23}},"loc":{"start":{"line":1,"column":9},"end":{"line":1,"column":46}}}},"branchMap":{},"s":{"0":0,"1":0},"f":{"0":0},"b":{}}
,"/Users/jeffreykang/study-group-finder/Cramr/hooks/useColorScheme.web.ts": {"path":"/Users/jeffreykang/study-group-finder/Cramr/hooks/useColorScheme.web.ts","statementMap":{"0":{"start":{"line":7,"column":0},"end":{"line":7,"column":16}},"1":{"start":{"line":1,"column":0},"end":{"line":1,"column":44}},"2":{"start":{"line":2,"column":0},"end":{"line":2,"column":66}},"3":{"start":{"line":8,"column":40},"end":{"line":8,"column":55}},"4":{"start":{"line":10,"column":2},"end":{"line":12,"column":9}},"5":{"start":{"line":11,"column":4},"end":{"line":11,"column":25}},"6":{"start":{"line":14,"column":22},"end":{"line":14,"column":40}},"7":{"start":{"line":16,"column":2},"end":{"line":18,"column":3}},"8":{"start":{"line":17,"column":4},"end":{"line":17,"column":23}},"9":{"start":{"line":20,"column":2},"end":{"line":20,"column":17}}},"fnMap":{"0":{"name":"useColorScheme","decl":{"start":{"line":7,"column":16},"end":{"line":7,"column":30}},"loc":{"start":{"line":7,"column":30},"end":{"line":21,"column":1}}},"1":{"name":"(anonymous_1)","decl":{"start":{"line":10,"column":12},"end":{"line":10,"column":15}},"loc":{"start":{"line":10,"column":17},"end":{"line":12,"column":3}}}},"branchMap":{"0":{"loc":{"start":{"line":16,"column":2},"end":{"line":18,"column":3}},"type":"if","locations":[{"start":{"line":16,"column":2},"end":{"line":18,"column":3}}]}},"s":{"0":0,"1":0,"2":0,"3":0,"4":0,"5":0,"6":0,"7":0,"8":0,"9":0},"f":{"0":0,"1":0},"b":{"0":[0]}}
,"/Users/jeffreykang/study-group-finder/Cramr/hooks/useThemeColor.ts": {"path":"/Users/jeffreykang/study-group-finder/Cramr/hooks/useThemeColor.ts","statementMap":{"0":{"start":{"line":9,"column":0},"end":{"line":9,"column":16}},"1":{"start":{"line":6,"column":0},"end":{"line":6,"column":44}},"2":{"start":{"line":7,"column":0},"end":{"line":7,"column":56}},"3":{"start":{"line":13,"column":16},"end":{"line":13,"column":43}},"4":{"start":{"line":14,"column":25},"end":{"line":14,"column":37}},"5":{"start":{"line":16,"column":2},"end":{"line":20,"column":3}},"6":{"start":{"line":17,"column":4},"end":{"line":17,"column":26}},"7":{"start":{"line":19,"column":4},"end":{"line":19,"column":36}}},"fnMap":{"0":{"name":"useThemeColor","decl":{"start":{"line":9,"column":16},"end":{"line":9,"column":29}},"loc":{"start":{"line":11,"column":65},"end":{"line":21,"column":1}}}},"branchMap":{"0":{"loc":{"start":{"line":13,"column":16},"end":{"line":13,"column":43}},"type":"binary-expr","locations":[{"start":{"line":13,"column":16},"end":{"line":13,"column":32}},{"start":{"line":13,"column":36},"end":{"line":13,"column":43}}]},"1":{"loc":{"start":{"line":16,"column":2},"end":{"line":20,"column":3}},"type":"if","locations":[{"start":{"line":16,"column":2},"end":{"line":20,"column":3}},{"start":{"line":18,"column":9},"end":{"line":20,"column":3}}]}},"s":{"0":1,"1":1,"2":1,"3":10,"4":10,"5":10,"6":4,"7":6},"f":{"0":10},"b":{"0":[10,1],"1":[4,6]}}
}
