TN:
SF:index.js
FN:26,(anonymous_0)
FN:63,(anonymous_1)
FN:66,(anonymous_2)
FN:78,(anonymous_3)
FN:89,(anonymous_4)
FN:98,getBlockedUsers
FN:103,(anonymous_6)
FN:111,getUsersWhoBlocked
FN:116,(anonymous_8)
FN:124,(anonymous_9)
FN:149,(anonymous_10)
FN:168,(anonymous_11)
FN:226,(anonymous_12)
FN:283,(anonymous_13)
FN:323,(anonymous_14)
FN:356,(anonymous_15)
FN:376,(anonymous_16)
FN:420,(anonymous_17)
FN:421,(anonymous_18)
FN:433,(anonymous_19)
FN:479,(anonymous_20)
FN:504,(anonymous_21)
FN:529,(anonymous_22)
FN:555,(anonymous_23)
FN:599,(anonymous_24)
FN:624,(anonymous_25)
FN:649,(anonymous_26)
FN:669,(anonymous_27)
FN:732,(anonymous_28)
FN:778,(anonymous_29)
FN:822,(anonymous_30)
FN:855,(anonymous_31)
FN:895,(anonymous_32)
FN:901,(anonymous_33)
FN:907,(anonymous_34)
FN:923,(anonymous_35)
FN:948,(anonymous_36)
FN:973,(anonymous_37)
FN:1022,(anonymous_38)
FN:1054,(anonymous_39)
FN:1083,(anonymous_40)
FN:1138,(anonymous_41)
FN:1165,(anonymous_42)
FN:1223,(anonymous_43)
FN:1261,(anonymous_44)
FN:1284,(anonymous_45)
FN:1305,(anonymous_46)
FN:1333,(anonymous_47)
FN:1391,(anonymous_48)
FN:1443,(anonymous_49)
FN:1467,(anonymous_50)
FN:1483,(anonymous_51)
FNF:52
FNH:0
FNDA:0,(anonymous_0)
FNDA:0,(anonymous_1)
FNDA:0,(anonymous_2)
FNDA:0,(anonymous_3)
FNDA:0,(anonymous_4)
FNDA:0,getBlockedUsers
FNDA:0,(anonymous_6)
FNDA:0,getUsersWhoBlocked
FNDA:0,(anonymous_8)
FNDA:0,(anonymous_9)
FNDA:0,(anonymous_10)
FNDA:0,(anonymous_11)
FNDA:0,(anonymous_12)
FNDA:0,(anonymous_13)
FNDA:0,(anonymous_14)
FNDA:0,(anonymous_15)
FNDA:0,(anonymous_16)
FNDA:0,(anonymous_17)
FNDA:0,(anonymous_18)
FNDA:0,(anonymous_19)
FNDA:0,(anonymous_20)
FNDA:0,(anonymous_21)
FNDA:0,(anonymous_22)
FNDA:0,(anonymous_23)
FNDA:0,(anonymous_24)
FNDA:0,(anonymous_25)
FNDA:0,(anonymous_26)
FNDA:0,(anonymous_27)
FNDA:0,(anonymous_28)
FNDA:0,(anonymous_29)
FNDA:0,(anonymous_30)
FNDA:0,(anonymous_31)
FNDA:0,(anonymous_32)
FNDA:0,(anonymous_33)
FNDA:0,(anonymous_34)
FNDA:0,(anonymous_35)
FNDA:0,(anonymous_36)
FNDA:0,(anonymous_37)
FNDA:0,(anonymous_38)
FNDA:0,(anonymous_39)
FNDA:0,(anonymous_40)
FNDA:0,(anonymous_41)
FNDA:0,(anonymous_42)
FNDA:0,(anonymous_43)
FNDA:0,(anonymous_44)
FNDA:0,(anonymous_45)
FNDA:0,(anonymous_46)
FNDA:0,(anonymous_47)
FNDA:0,(anonymous_48)
FNDA:0,(anonymous_49)
FNDA:0,(anonymous_50)
FNDA:0,(anonymous_51)
DA:1,0
DA:2,0
DA:3,0
DA:4,0
DA:5,0
DA:6,0
DA:7,0
DA:8,0
DA:9,0
DA:10,0
DA:12,0
DA:13,0
DA:26,0
DA:27,0
DA:28,0
DA:29,0
DA:30,0
DA:31,0
DA:33,0
DA:35,0
DA:44,0
DA:47,0
DA:53,0
DA:56,0
DA:57,0
DA:58,0
DA:62,0
DA:64,0
DA:68,0
DA:69,0
DA:73,0
DA:80,0
DA:81,0
DA:83,0
DA:89,0
DA:90,0
DA:99,0
DA:100,0
DA:103,0
DA:105,0
DA:106,0
DA:112,0
DA:113,0
DA:116,0
DA:118,0
DA:119,0
DA:124,0
DA:125,0
DA:126,0
DA:128,0
DA:130,0
DA:140,0
DA:143,0
DA:144,0
DA:145,0
DA:146,0
DA:148,0
DA:149,0
DA:150,0
DA:154,0
DA:156,0
DA:158,0
DA:160,0
DA:162,0
DA:163,0
DA:168,0
DA:169,0
DA:172,0
DA:173,0
DA:176,0
DA:178,0
DA:183,0
DA:184,0
DA:188,0
DA:193,0
DA:196,0
DA:197,0
DA:199,0
DA:204,0
DA:206,0
DA:214,0
DA:220,0
DA:221,0
DA:226,0
DA:227,0
DA:229,0
DA:230,0
DA:233,0
DA:235,0
DA:240,0
DA:241,0
DA:244,0
DA:245,0
DA:246,0
DA:248,0
DA:249,0
DA:253,0
DA:254,0
DA:255,0
DA:263,0
DA:264,0
DA:267,0
DA:272,0
DA:278,0
DA:283,0
DA:284,0
DA:286,0
DA:287,0
DA:290,0
DA:292,0
DA:296,0
DA:297,0
DA:299,0
DA:302,0
DA:303,0
DA:304,0
DA:307,0
DA:318,0
DA:323,0
DA:324,0
DA:326,0
DA:327,0
DA:330,0
DA:331,0
DA:348,0
DA:350,0
DA:351,0
DA:356,0
DA:357,0
DA:359,0
DA:360,0
DA:365,0
DA:366,0
DA:369,0
DA:371,0
DA:376,0
DA:377,0
DA:379,0
DA:381,0
DA:386,0
DA:387,0
DA:390,0
DA:393,0
DA:399,0
DA:405,0
DA:411,0
DA:416,0
DA:420,0
DA:421,0
DA:424,0
DA:426,0
DA:433,0
DA:434,0
DA:435,0
DA:437,0
DA:438,0
DA:441,0
DA:443,0
DA:444,0
DA:445,0
DA:447,0
DA:448,0
DA:452,0
DA:456,0
DA:457,0
DA:461,0
DA:467,0
DA:473,0
DA:474,0
DA:479,0
DA:480,0
DA:482,0
DA:483,0
DA:489,0
DA:490,0
DA:493,0
DA:498,0
DA:499,0
DA:504,0
DA:505,0
DA:507,0
DA:508,0
DA:518,0
DA:523,0
DA:524,0
DA:529,0
DA:530,0
DA:532,0
DA:533,0
DA:543,0
DA:548,0
DA:549,0
DA:555,0
DA:556,0
DA:557,0
DA:559,0
DA:560,0
DA:563,0
DA:565,0
DA:569,0
DA:570,0
DA:574,0
DA:581,0
DA:587,0
DA:593,0
DA:594,0
DA:599,0
DA:600,0
DA:602,0
DA:603,0
DA:609,0
DA:610,0
DA:613,0
DA:618,0
DA:619,0
DA:624,0
DA:625,0
DA:627,0
DA:628,0
DA:638,0
DA:643,0
DA:644,0
DA:649,0
DA:650,0
DA:652,0
DA:653,0
DA:658,0
DA:663,0
DA:664,0
DA:669,0
DA:670,0
DA:687,0
DA:689,0
DA:690,0
DA:717,0
DA:718,0
DA:721,0
DA:727,0
DA:732,0
DA:733,0
DA:734,0
DA:736,0
DA:737,0
DA:738,0
DA:739,0
DA:741,0
DA:742,0
DA:743,0
DA:744,0
DA:747,0
DA:748,0
DA:749,0
DA:750,0
DA:753,0
DA:754,0
DA:755,0
DA:756,0
DA:759,0
DA:761,0
DA:763,0
DA:764,0
DA:767,0
DA:773,0
DA:778,0
DA:779,0
DA:785,0
DA:787,0
DA:789,0
DA:800,0
DA:801,0
DA:804,0
DA:806,0
DA:817,0
DA:822,0
DA:823,0
DA:825,0
DA:826,0
DA:835,0
DA:836,0
DA:839,0
DA:841,0
DA:851,0
DA:855,0
DA:856,0
DA:857,0
DA:858,0
DA:868,0
DA:869,0
DA:872,0
DA:876,0
DA:878,0
DA:882,0
DA:884,0
DA:888,0
DA:891,0
DA:895,0
DA:897,0
DA:901,0
DA:903,0
DA:907,0
DA:909,0
DA:919,0
DA:923,0
DA:924,0
DA:925,0
DA:927,0
DA:928,0
DA:933,0
DA:934,0
DA:937,0
DA:943,0
DA:948,0
DA:949,0
DA:951,0
DA:953,0
DA:958,0
DA:959,0
DA:962,0
DA:967,0
DA:968,0
DA:973,0
DA:974,0
DA:975,0
DA:977,0
DA:978,0
DA:981,0
DA:982,0
DA:985,0
DA:987,0
DA:988,0
DA:989,0
DA:992,0
DA:995,0
DA:996,0
DA:997,0
DA:1003,0
DA:1011,0
DA:1017,0
DA:1018,0
DA:1022,0
DA:1023,0
DA:1024,0
DA:1026,0
DA:1027,0
DA:1030,0
DA:1031,0
DA:1036,0
DA:1037,0
DA:1044,0
DA:1049,0
DA:1050,0
DA:1054,0
DA:1055,0
DA:1056,0
DA:1058,0
DA:1059,0
DA:1062,0
DA:1063,0
DA:1068,0
DA:1069,0
DA:1072,0
DA:1077,0
DA:1078,0
DA:1083,0
DA:1084,0
DA:1085,0
DA:1087,0
DA:1088,0
DA:1091,0
DA:1092,0
DA:1095,0
DA:1097,0
DA:1098,0
DA:1099,0
DA:1103,0
DA:1104,0
DA:1105,0
DA:1109,0
DA:1114,0
DA:1115,0
DA:1119,0
DA:1126,0
DA:1132,0
DA:1133,0
DA:1138,0
DA:1139,0
DA:1141,0
DA:1142,0
DA:1154,0
DA:1159,0
DA:1160,0
DA:1165,0
DA:1166,0
DA:1167,0
DA:1169,0
DA:1170,0
DA:1173,0
DA:1175,0
DA:1176,0
DA:1177,0
DA:1181,0
DA:1182,0
DA:1183,0
DA:1187,0
DA:1197,0
DA:1204,0
DA:1205,0
DA:1212,0
DA:1218,0
DA:1219,0
DA:1223,0
DA:1224,0
DA:1226,0
DA:1228,0
DA:1237,0
DA:1251,0
DA:1256,0
DA:1257,0
DA:1261,0
DA:1262,0
DA:1264,0
DA:1265,0
DA:1270,0
DA:1271,0
DA:1274,0
DA:1279,0
DA:1280,0
DA:1284,0
DA:1285,0
DA:1287,0
DA:1288,0
DA:1293,0
DA:1299,0
DA:1300,0
DA:1305,0
DA:1306,0
DA:1308,0
DA:1313,0
DA:1319,0
DA:1328,0
DA:1333,0
DA:1334,0
DA:1336,0
DA:1337,0
DA:1340,0
DA:1342,0
DA:1345,0
DA:1352,0
DA:1371,0
DA:1375,0
DA:1377,0
DA:1378,0
DA:1383,0
DA:1386,0
DA:1387,0
DA:1391,0
DA:1392,0
DA:1394,0
DA:1395,0
DA:1398,0
DA:1399,0
DA:1401,0
DA:1402,0
DA:1406,0
DA:1407,0
DA:1408,0
DA:1410,0
DA:1411,0
DA:1412,0
DA:1416,0
DA:1417,0
DA:1418,0
DA:1422,0
DA:1424,0
DA:1425,0
DA:1431,0
DA:1432,0
DA:1434,0
DA:1437,0
DA:1438,0
DA:1443,0
DA:1444,0
DA:1445,0
DA:1446,0
DA:1450,0
DA:1452,0
DA:1461,0
DA:1462,0
DA:1467,0
DA:1468,0
DA:1469,0
DA:1470,0
DA:1472,0
DA:1475,0
DA:1476,0
DA:1479,0
DA:1482,0
DA:1483,0
DA:1484,0
DA:1485,0
DA:1486,0
LF:501
LH:0
BRDA:37,0,0,0
BRDA:37,0,1,0
BRDA:48,1,0,0
BRDA:48,1,1,0
BRDA:49,2,0,0
BRDA:49,2,1,0
BRDA:57,3,0,0
BRDA:57,3,1,0
BRDA:80,4,0,0
BRDA:80,4,1,0
BRDA:143,5,0,0
BRDA:143,5,1,0
BRDA:148,6,0,0
BRDA:148,6,1,0
BRDA:172,7,0,0
BRDA:172,7,1,0
BRDA:172,8,0,0
BRDA:172,8,1,0
BRDA:183,9,0,0
BRDA:183,9,1,0
BRDA:196,10,0,0
BRDA:196,10,1,0
BRDA:196,11,0,0
BRDA:196,11,1,0
BRDA:204,12,0,0
BRDA:204,12,1,0
BRDA:229,13,0,0
BRDA:229,13,1,0
BRDA:229,14,0,0
BRDA:229,14,1,0
BRDA:229,14,2,0
BRDA:229,14,3,0
BRDA:245,15,0,0
BRDA:245,15,1,0
BRDA:248,16,0,0
BRDA:248,16,1,0
BRDA:253,17,0,0
BRDA:253,17,1,0
BRDA:269,18,0,0
BRDA:269,18,1,0
BRDA:286,19,0,0
BRDA:286,19,1,0
BRDA:286,20,0,0
BRDA:286,20,1,0
BRDA:296,21,0,0
BRDA:296,21,1,0
BRDA:303,22,0,0
BRDA:303,22,1,0
BRDA:326,23,0,0
BRDA:326,23,1,0
BRDA:326,24,0,0
BRDA:326,24,1,0
BRDA:365,25,0,0
BRDA:365,25,1,0
BRDA:386,26,0,0
BRDA:386,26,1,0
BRDA:437,27,0,0
BRDA:437,27,1,0
BRDA:447,28,0,0
BRDA:447,28,1,0
BRDA:456,29,0,0
BRDA:456,29,1,0
BRDA:489,30,0,0
BRDA:489,30,1,0
BRDA:559,31,0,0
BRDA:559,31,1,0
BRDA:569,32,0,0
BRDA:569,32,1,0
BRDA:609,33,0,0
BRDA:609,33,1,0
BRDA:717,34,0,0
BRDA:717,34,1,0
BRDA:741,35,0,0
BRDA:741,35,1,0
BRDA:747,36,0,0
BRDA:747,36,1,0
BRDA:753,37,0,0
BRDA:753,37,1,0
BRDA:763,38,0,0
BRDA:763,38,1,0
BRDA:800,39,0,0
BRDA:800,39,1,0
BRDA:813,40,0,0
BRDA:813,40,1,0
BRDA:835,41,0,0
BRDA:835,41,1,0
BRDA:868,42,0,0
BRDA:868,42,1,0
BRDA:933,43,0,0
BRDA:933,43,1,0
BRDA:958,44,0,0
BRDA:958,44,1,0
BRDA:977,45,0,0
BRDA:977,45,1,0
BRDA:977,46,0,0
BRDA:977,46,1,0
BRDA:981,47,0,0
BRDA:981,47,1,0
BRDA:988,48,0,0
BRDA:988,48,1,0
BRDA:996,49,0,0
BRDA:996,49,1,0
BRDA:1026,50,0,0
BRDA:1026,50,1,0
BRDA:1036,51,0,0
BRDA:1036,51,1,0
BRDA:1058,52,0,0
BRDA:1058,52,1,0
BRDA:1068,53,0,0
BRDA:1068,53,1,0
BRDA:1087,54,0,0
BRDA:1087,54,1,0
BRDA:1087,55,0,0
BRDA:1087,55,1,0
BRDA:1091,56,0,0
BRDA:1091,56,1,0
BRDA:1098,57,0,0
BRDA:1098,57,1,0
BRDA:1104,58,0,0
BRDA:1104,58,1,0
BRDA:1114,59,0,0
BRDA:1114,59,1,0
BRDA:1169,60,0,0
BRDA:1169,60,1,0
BRDA:1176,61,0,0
BRDA:1176,61,1,0
BRDA:1182,62,0,0
BRDA:1182,62,1,0
BRDA:1204,63,0,0
BRDA:1204,63,1,0
BRDA:1270,64,0,0
BRDA:1270,64,1,0
BRDA:1296,65,0,0
BRDA:1296,65,1,0
BRDA:1336,66,0,0
BRDA:1336,66,1,0
BRDA:1336,67,0,0
BRDA:1336,67,1,0
BRDA:1377,68,0,0
BRDA:1377,68,1,0
BRDA:1394,69,0,0
BRDA:1394,69,1,0
BRDA:1394,70,0,0
BRDA:1394,70,1,0
BRDA:1401,71,0,0
BRDA:1401,71,1,0
BRDA:1410,72,0,0
BRDA:1410,72,1,0
BRDA:1416,73,0,0
BRDA:1416,73,1,0
BRDA:1422,74,0,0
BRDA:1422,74,1,0
BRDA:1445,75,0,0
BRDA:1445,75,1,0
BRDA:1468,76,0,0
BRDA:1468,76,1,0
BRDA:1469,77,0,0
BRDA:1469,77,1,0
BRDA:1475,78,0,0
BRDA:1475,78,1,0
BRDA:1486,79,0,0
BRDA:1486,79,1,0
BRF:162
BRH:0
end_of_record
